####################################################################################################
 _____ _____ _____ _____ __  __  ____  _   _ 
|  __ \_   _/ ____|_   _|  \/  |/ __ \| \ | |
| |  | || || |  __  | | | \  / | |  | |  \| |
| |  | || || | |_ | | | | |\/| | |  | | . ` |
| |__| || || |__| |_| |_| |  | | |__| | |\  |
|_____/_____\_____|_____|_|  |_|\____/|_| \_|
                                             
                                             

╔════════════════════════════════════════════════════════════════════════════════════════════════════════╗
║ Welcome to DIGIMON: Deep Analysis of Graph-Based RAG Systems.                                          ║
║                                                                                                        ║
║ Unlock advanced insights with our comprehensive tool for evaluating and optimizing RAG models.         ║
║                                                                                                        ║
║ You can freely combine any graph-based RAG algorithms you desire. We hope this will be helpful to you! ║
╚════════════════════════════════════════════════════════════════════════════════════════════════════════╝
####################################################################################################
####################################################################################################
 _____ _____ _____ _____ __  __  ____  _   _ 
|  __ \_   _/ ____|_   _|  \/  |/ __ \| \ | |
| |  | || || |  __  | | | \  / | |  | |  \| |
| |  | || || | |_ | | | | |\/| | |  | | . ` |
| |__| || || |__| |_| |_| |  | | |__| | |\  |
|_____/_____\_____|_____|_|  |_|\____/|_| \_|
                                             
                                             

╔════════════════════════════════════════════════════════════════════════════════════════════════════════╗
║ Welcome to DIGIMON: Deep Analysis of Graph-Based RAG Systems.                                          ║
║                                                                                                        ║
║ Unlock advanced insights with our comprehensive tool for evaluating and optimizing RAG models.         ║
║                                                                                                        ║
║ You can freely combine any graph-based RAG algorithms you desire. We hope this will be helpful to you! ║
╚════════════════════════════════════════════════════════════════════════════════════════════════════════╝
####################################################################################################
Loaded 5 records from results/MySampleTexts/test/Evaluation_Outputs/LGraphRAG/MySampleTexts_query_outputs_for_eval.json
Evaluating short-form mode.
In this evaluation, the following metrics are used:
accuracy f1 precision recall em 

accuracy: 20.0000
Precision: 3.3495
Recall: 85.0000
F1: 6.3467
EM: 0.0000
Evaluation complete. Metrics saved to: results/MySampleTexts/test/Evaluation_Outputs/LGraphRAG/MySampleTexts_evaluation_metrics.json
Metrics: {'accuracy': 20.0, 'f1': 6.346704042630757, 'precision': 3.349488268470322, 'recall': 85.0, 'em': 0.0}
