####################################################################################################
 _____ _____ _____ _____ __  __  ____  _   _ 
|  __ \_   _/ ____|_   _|  \/  |/ __ \| \ | |
| |  | || || |  __  | | | \  / | |  | |  \| |
| |  | || || | |_ | | | | |\/| | |  | | . ` |
| |__| || || |__| |_| |_| |  | | |__| | |\  |
|_____/_____\_____|_____|_|  |_|\____/|_| \_|
                                             
                                             

╔════════════════════════════════════════════════════════════════════════════════════════════════════════╗
║ Welcome to DIGIMON: Deep Analysis of Graph-Based RAG Systems.                                          ║
║                                                                                                        ║
║ Unlock advanced insights with our comprehensive tool for evaluating and optimizing RAG models.         ║
║                                                                                                        ║
║ You can freely combine any graph-based RAG algorithms you desire. We hope this will be helpful to you! ║
╚════════════════════════════════════════════════════════════════════════════════════════════════════════╝
####################################################################################################
####################################################################################################
 _____ _____ _____ _____ __  __  ____  _   _ 
|  __ \_   _/ ____|_   _|  \/  |/ __ \| \ | |
| |  | || || |  __  | | | \  / | |  | |  \| |
| |  | || || | |_ | | | | |\/| | |  | | . ` |
| |__| || || |__| |_| |_| |  | | |__| | |\  |
|_____/_____\_____|_____|_|  |_|\____/|_| \_|
                                             
                                             

╔════════════════════════════════════════════════════════════════════════════════════════════════════════╗
║ Welcome to DIGIMON: Deep Analysis of Graph-Based RAG Systems.                                          ║
║                                                                                                        ║
║ Unlock advanced insights with our comprehensive tool for evaluating and optimizing RAG models.         ║
║                                                                                                        ║
║ You can freely combine any graph-based RAG algorithms you desire. We hope this will be helpful to you! ║
╚════════════════════════════════════════════════════════════════════════════════════════════════════════╝
####################################################################################################
Loaded 5 records from results/MySampleTexts/test/Evaluation_Outputs/RAPTOR/MySampleTexts_query_outputs_for_eval.json
Evaluating short-form mode.
In this evaluation, the following metrics are used:
accuracy f1 precision recall em 

accuracy: 40.0000
Precision: 28.0274
Recall: 85.0303
F1: 38.1019
EM: 0.0000
Evaluation complete. Metrics saved to: results/MySampleTexts/test/Evaluation_Outputs/RAPTOR/MySampleTexts_evaluation_metrics.json
Metrics: {'accuracy': 40.0, 'f1': 38.10187123800569, 'precision': 28.027440395861447, 'recall': 85.03030303030303, 'em': 0.0}
